<?xml version="1.0" encoding="UTF-8"?>
<!-- Generated by org.testng.reporters.JUnitReportReporter -->
<testsuite hostname="Meenhazs-Air.home" failures="0" tests="3" name="test.Day3" time="0.012" errors="0" timestamp="2020-09-08T10:29:37 EDT" skipped="0">
  <testcase classname="test.Day3" name="WebloginCarLoan" time="0.004"/>
  <testcase classname="test.Day3" name="MobileLoginAPIcarLoan" time="0.003"/>
  <testcase classname="test.Day3" name="MobileLogincarLoan" time="0.005"/>
</testsuite> <!-- test.Day3 -->
