<?xml version="1.0" encoding="UTF-8"?>
<!-- Generated by org.testng.reporters.JUnitReportReporter -->
<testsuite hostname="Meenhazs-Air.home" failures="0" tests="4" name="test.Day2" time="0.024" errors="0" timestamp="2020-09-08T10:57:25 EDT" skipped="0">
  <testcase classname="test.Day2" name="Bye" time="0.011"/>
  <testcase classname="test.Day2" name="Hello" time="0.004"/>
  <testcase classname="test.Day2" name="Bye" time="0.006"/>
  <testcase classname="test.Day2" name="Bye" time="0.003"/>
</testsuite> <!-- test.Day2 -->
