<?xml version="1.0" encoding="UTF-8"?>
<!-- Generated by org.testng.reporters.JUnitReportReporter -->
<testsuite hostname="Meenhazs-Air.home" failures="0" tests="1" name="test.Day1" time="0.012" errors="0" timestamp="2020-09-08T10:29:37 EDT" skipped="0">
  <testcase classname="test.Day1" name="sample1" time="0.012"/>
</testsuite> <!-- test.Day1 -->
