<?xml version="1.0" encoding="UTF-8"?>
<!-- Generated by org.testng.reporters.JUnitReportReporter -->
<testsuite hostname="Meenhazs-Air.home" failures="0" tests="3" name="test.Day4" time="0.014" errors="0" timestamp="2020-09-08T10:29:37 EDT" skipped="0">
  <testcase classname="test.Day4" name="WebloginHomeLoan" time="0.007"/>
  <testcase classname="test.Day4" name="LoginAPIcarLoan" time="0.004"/>
  <testcase classname="test.Day4" name="MobileLoginHomeLoan" time="0.003"/>
</testsuite> <!-- test.Day4 -->
